2015-08-28 00:29:38 Error: [MissingDatasourceConfigException] The datasource configuration "default" was not found in database.php
Exception Attributes: array (
  'config' => 'default',
)
Request URL: /api/lesson/start
Stack Trace:
#0 C:\xampp\htdocs\NativeCamp\lib\Cake\Model\ConnectionManager.php(91): ConnectionManager::_getConnectionObject('default')
#1 C:\xampp\htdocs\NativeCamp\lib\Cake\Model\Model.php(3479): ConnectionManager::getDataSource('default')
#2 C:\xampp\htdocs\NativeCamp\lib\Cake\Model\Model.php(1128): Model->setDataSource('default')
#3 C:\xampp\htdocs\NativeCamp\lib\Cake\Model\Model.php(3501): Model->setSource('maintenances')
#4 C:\xampp\htdocs\NativeCamp\lib\Cake\Model\Model.php(2905): Model->getDataSource()
#5 C:\xampp\htdocs\NativeCamp\lib\Cake\Model\Model.php(2877): Model->_readDataSource('first', Array)
#6 C:\xampp\htdocs\NativeCamp\lib\Model\MaintenanceTable.php(20): Model->find('first', Array)
#7 C:\xampp\htdocs\NativeCamp\api\Controller\AppController.php(127): MaintenanceTable::getMaintenance()
#8 C:\xampp\htdocs\NativeCamp\api\Controller\LessonStartController.php(29): AppController->beforeFilter()
#9 [internal function]: LessonStartController->beforeFilter(Object(CakeEvent))
#10 C:\xampp\htdocs\NativeCamp\lib\Cake\Event\CakeEventManager.php(244): call_user_func(Array, Object(CakeEvent))
#11 C:\xampp\htdocs\NativeCamp\lib\Cake\Controller\Controller.php(674): CakeEventManager->dispatch(Object(CakeEvent))
#12 C:\xampp\htdocs\NativeCamp\lib\Cake\Routing\Dispatcher.php(187): Controller->startupProcess()
#13 C:\xampp\htdocs\NativeCamp\lib\Cake\Routing\Dispatcher.php(165): Dispatcher->_invoke(Object(LessonStartController), Object(CakeRequest))
#14 C:\xampp\htdocs\NativeCamp\api\webroot\index.php(108): Dispatcher->dispatch(Object(CakeRequest), Object(CakeResponse))
#15 {main}
