2015-09-06 00:04:34 Error: [MissingViewException] View file "C:\xampp\htdocs\mysite\exam\View\Question\add_answer.php" is missing.
Exception Attributes: array (
  'file' => 'C:\\xampp\\htdocs\\mysite\\exam\\View\\Question\\add_answer.php',
)
Request URL: /mysite/exam/question/addAnswer
Stack Trace:
#0 C:\xampp\htdocs\mysite\lib\Cake\View\View.php(468): View->_getViewFileName(NULL)
#1 C:\xampp\htdocs\mysite\lib\Cake\Controller\Controller.php(954): View->render(NULL, NULL)
#2 C:\xampp\htdocs\mysite\lib\Cake\Routing\Dispatcher.php(198): Controller->render()
#3 C:\xampp\htdocs\mysite\lib\Cake\Routing\Dispatcher.php(165): Dispatcher->_invoke(Object(QuestionController), Object(CakeRequest))
#4 C:\xampp\htdocs\mysite\exam\webroot\index.php(118): Dispatcher->dispatch(Object(CakeRequest), Object(CakeResponse))
#5 {main}
2015-09-06 00:04:51 Error: [MissingControllerException] Controller class HomeController could not be found.
Exception Attributes: array (
  'class' => 'HomeController',
  'plugin' => NULL,
)
Request URL: /mysite/exam/home
Stack Trace:
#0 C:\xampp\htdocs\mysite\exam\webroot\index.php(118): Dispatcher->dispatch(Object(CakeRequest), Object(CakeResponse))
#1 {main}
2015-09-06 00:07:20 Error: [MissingControllerException] Controller class HomeController could not be found.
Exception Attributes: array (
  'class' => 'HomeController',
  'plugin' => NULL,
)
Request URL: /mysite/exam/home
Stack Trace:
#0 C:\xampp\htdocs\mysite\exam\webroot\index.php(118): Dispatcher->dispatch(Object(CakeRequest), Object(CakeResponse))
#1 {main}
2015-09-06 00:07:26 Error: [MissingControllerException] Controller class HomeController could not be found.
Exception Attributes: array (
  'class' => 'HomeController',
  'plugin' => NULL,
)
Request URL: /mysite/exam/home
Stack Trace:
#0 C:\xampp\htdocs\mysite\exam\webroot\index.php(118): Dispatcher->dispatch(Object(CakeRequest), Object(CakeResponse))
#1 {main}
2015-09-06 00:08:31 Error: Fatal Error (1): Call to a member function find() on null in [C:\xampp\htdocs\mysite\exam\Controller\QuestionController.php, line 29]
2015-09-06 00:08:31 Error: [FatalErrorException] Call to a member function find() on null
Request URL: /mysite/exam/question
Stack Trace:
#0 C:\xampp\htdocs\mysite\lib\Cake\Error\ErrorHandler.php(203): ErrorHandler::handleFatalError(1, 'Call to a membe...', 'C:\\xampp\\htdocs...', 29)
#1 [internal function]: ErrorHandler::handleError(1, 'Call to a membe...', 'C:\\xampp\\htdocs...', 29, Array)
#2 C:\xampp\htdocs\mysite\lib\Cake\Core\App.php(929): call_user_func('ErrorHandler::h...', 1, 'Call to a membe...', 'C:\\xampp\\htdocs...', 29, Array)
#3 C:\xampp\htdocs\mysite\lib\Cake\Core\App.php(902): App::_checkFatalError()
#4 [internal function]: App::shutdown()
#5 {main}
2015-09-06 00:09:40 Error: [MissingControllerException] Controller class HomeController could not be found.
Exception Attributes: array (
  'class' => 'HomeController',
  'plugin' => NULL,
)
Request URL: /mysite/exam/home
Stack Trace:
#0 C:\xampp\htdocs\mysite\exam\webroot\index.php(118): Dispatcher->dispatch(Object(CakeRequest), Object(CakeResponse))
#1 {main}
2015-09-06 00:09:49 Error: [MissingControllerException] Controller class HomeController could not be found.
Exception Attributes: array (
  'class' => 'HomeController',
  'plugin' => NULL,
)
Request URL: /mysite/exam/home
Stack Trace:
#0 C:\xampp\htdocs\mysite\exam\webroot\index.php(118): Dispatcher->dispatch(Object(CakeRequest), Object(CakeResponse))
#1 {main}
2015-09-06 00:10:19 Error: [MissingControllerException] Controller class HomeController could not be found.
Exception Attributes: array (
  'class' => 'HomeController',
  'plugin' => NULL,
)
Request URL: /mysite/exam/home
Stack Trace:
#0 C:\xampp\htdocs\mysite\exam\webroot\index.php(118): Dispatcher->dispatch(Object(CakeRequest), Object(CakeResponse))
#1 {main}
2015-09-06 00:10:21 Error: [MissingControllerException] Controller class HomeController could not be found.
Exception Attributes: array (
  'class' => 'HomeController',
  'plugin' => NULL,
)
Request URL: /mysite/exam/home
Stack Trace:
#0 C:\xampp\htdocs\mysite\exam\webroot\index.php(118): Dispatcher->dispatch(Object(CakeRequest), Object(CakeResponse))
#1 {main}
2015-09-06 00:10:51 Error: [MissingControllerException] Controller class HomeController could not be found.
Exception Attributes: array (
  'class' => 'HomeController',
  'plugin' => NULL,
)
Request URL: /mysite/exam/home
Stack Trace:
#0 C:\xampp\htdocs\mysite\exam\webroot\index.php(118): Dispatcher->dispatch(Object(CakeRequest), Object(CakeResponse))
#1 {main}
2015-09-06 00:11:29 Error: [MissingControllerException] Controller class HomeController could not be found.
Exception Attributes: array (
  'class' => 'HomeController',
  'plugin' => NULL,
)
Request URL: /mysite/exam/home
Stack Trace:
#0 C:\xampp\htdocs\mysite\exam\webroot\index.php(118): Dispatcher->dispatch(Object(CakeRequest), Object(CakeResponse))
#1 {main}
2015-09-06 00:11:41 Error: [MissingControllerException] Controller class HomeController could not be found.
Exception Attributes: array (
  'class' => 'HomeController',
  'plugin' => NULL,
)
Request URL: /mysite/exam/home
Stack Trace:
#0 C:\xampp\htdocs\mysite\exam\webroot\index.php(118): Dispatcher->dispatch(Object(CakeRequest), Object(CakeResponse))
#1 {main}
2015-09-06 00:12:02 Error: [MissingActionException] Action QuestionController::login() could not be found.
Exception Attributes: array (
  'controller' => 'QuestionController',
  'action' => 'login',
)
Request URL: /mysite/exam/question/login
Stack Trace:
#0 C:\xampp\htdocs\mysite\lib\Cake\Routing\Dispatcher.php(191): Controller->invokeAction(Object(CakeRequest))
#1 C:\xampp\htdocs\mysite\lib\Cake\Routing\Dispatcher.php(165): Dispatcher->_invoke(Object(QuestionController), Object(CakeRequest))
#2 C:\xampp\htdocs\mysite\exam\webroot\index.php(118): Dispatcher->dispatch(Object(CakeRequest), Object(CakeResponse))
#3 {main}
2015-09-06 00:12:13 Error: [MissingControllerException] Controller class LoginController could not be found.
Exception Attributes: array (
  'class' => 'LoginController',
  'plugin' => NULL,
)
Request URL: /mysite/exam/login
Stack Trace:
#0 C:\xampp\htdocs\mysite\exam\webroot\index.php(118): Dispatcher->dispatch(Object(CakeRequest), Object(CakeResponse))
#1 {main}
2015-09-06 00:12:18 Error: [MissingControllerException] Controller class LoginController could not be found.
Exception Attributes: array (
  'class' => 'LoginController',
  'plugin' => NULL,
)
Request URL: /mysite/exam/login
Stack Trace:
#0 C:\xampp\htdocs\mysite\exam\webroot\index.php(118): Dispatcher->dispatch(Object(CakeRequest), Object(CakeResponse))
#1 {main}
2015-09-06 00:13:01 Error: [MissingControllerException] Controller class HomeController could not be found.
Exception Attributes: array (
  'class' => 'HomeController',
  'plugin' => NULL,
)
Request URL: /mysite/exam/home
Stack Trace:
#0 C:\xampp\htdocs\mysite\exam\webroot\index.php(118): Dispatcher->dispatch(Object(CakeRequest), Object(CakeResponse))
#1 {main}
2015-09-06 00:13:09 Error: [MissingControllerException] Controller class HomeController could not be found.
Exception Attributes: array (
  'class' => 'HomeController',
  'plugin' => NULL,
)
Request URL: /mysite/exam/home
Stack Trace:
#0 C:\xampp\htdocs\mysite\exam\webroot\index.php(118): Dispatcher->dispatch(Object(CakeRequest), Object(CakeResponse))
#1 {main}
2015-09-06 00:50:27 Error: Fatal Error (1): Call to undefined method ExamController::assign() in [C:\xampp\htdocs\mysite\exam\Controller\ExamController.php, line 12]
2015-09-06 00:50:27 Error: [FatalErrorException] Call to undefined method ExamController::assign()
Request URL: /mysite/exam/
Stack Trace:
#0 C:\xampp\htdocs\mysite\lib\Cake\Error\ErrorHandler.php(203): ErrorHandler::handleFatalError(1, 'Call to undefin...', 'C:\\xampp\\htdocs...', 12)
#1 [internal function]: ErrorHandler::handleError(1, 'Call to undefin...', 'C:\\xampp\\htdocs...', 12, Array)
#2 C:\xampp\htdocs\mysite\lib\Cake\Core\App.php(929): call_user_func('ErrorHandler::h...', 1, 'Call to undefin...', 'C:\\xampp\\htdocs...', 12, Array)
#3 C:\xampp\htdocs\mysite\lib\Cake\Core\App.php(902): App::_checkFatalError()
#4 [internal function]: App::shutdown()
#5 {main}
2015-09-06 01:01:43 Error: [MissingControllerException] Controller class JsController could not be found.
Exception Attributes: array (
  'class' => 'JsController',
  'plugin' => NULL,
)
Request URL: /mysite/exam/js/jquery.min.js
Stack Trace:
#0 C:\xampp\htdocs\mysite\exam\webroot\index.php(118): Dispatcher->dispatch(Object(CakeRequest), Object(CakeResponse))
#1 {main}
2015-09-06 01:03:18 Error: [MissingControllerException] Controller class QuestionsController could not be found.
Exception Attributes: array (
  'class' => 'QuestionsController',
  'plugin' => NULL,
)
Request URL: /mysite/exam/questions/getChapterQuestions/2
Stack Trace:
#0 C:\xampp\htdocs\mysite\exam\webroot\index.php(118): Dispatcher->dispatch(Object(CakeRequest), Object(CakeResponse))
#1 {main}
2015-09-06 01:29:39 Error: [MissingActionException] Action QuestionController::getChapterQuestions() could not be found.
Exception Attributes: array (
  'controller' => 'QuestionController',
  'action' => 'getChapterQuestions',
)
Request URL: /mysite/exam/question/getChapterQuestions/2
Stack Trace:
#0 C:\xampp\htdocs\mysite\lib\Cake\Routing\Dispatcher.php(191): Controller->invokeAction(Object(CakeRequest))
#1 C:\xampp\htdocs\mysite\lib\Cake\Routing\Dispatcher.php(165): Dispatcher->_invoke(Object(QuestionController), Object(CakeRequest))
#2 C:\xampp\htdocs\mysite\exam\webroot\index.php(118): Dispatcher->dispatch(Object(CakeRequest), Object(CakeResponse))
#3 {main}
2015-09-06 01:37:19 Error: [MissingActionException] Action QuestionController::getChapterQuestions() could not be found.
Exception Attributes: array (
  'controller' => 'QuestionController',
  'action' => 'getChapterQuestions',
)
Request URL: /mysite/exam/question/getChapterQuestions/2
Stack Trace:
#0 C:\xampp\htdocs\mysite\lib\Cake\Routing\Dispatcher.php(191): Controller->invokeAction(Object(CakeRequest))
#1 C:\xampp\htdocs\mysite\lib\Cake\Routing\Dispatcher.php(165): Dispatcher->_invoke(Object(QuestionController), Object(CakeRequest))
#2 C:\xampp\htdocs\mysite\exam\webroot\index.php(118): Dispatcher->dispatch(Object(CakeRequest), Object(CakeResponse))
#3 {main}
2015-09-06 01:46:13 Error: [MissingTableException] Table users_answers_questions for model users_answers_question was not found in datasource default.
Exception Attributes: array (
  'table' => 'users_answers_questions',
  'class' => 'users_answers_question',
  'ds' => 'default',
)
Request URL: /mysite/exam/question/ChapterQuestions/2
Stack Trace:
#0 C:\xampp\htdocs\mysite\lib\Cake\Model\Model.php(3501): Model->setSource('users_answers_q...')
#1 C:\xampp\htdocs\mysite\lib\Cake\Model\Model.php(1357): Model->getDataSource()
#2 C:\xampp\htdocs\mysite\lib\Cake\Model\Datasource\DboSource.php(2494): Model->schema()
#3 C:\xampp\htdocs\mysite\lib\Cake\Model\Datasource\DboSource.php(1735): DboSource->fields(Object(AppModel), 'users_answers_q...', '')
#4 C:\xampp\htdocs\mysite\lib\Cake\Model\Datasource\DboSource.php(1238): DboSource->generateAssociationQuery(Object(Question), Object(AppModel), 'hasMany', 'users_answers_q...', Array, Array, true)
#5 C:\xampp\htdocs\mysite\lib\Cake\Model\Datasource\DboSource.php(1142): DboSource->queryAssociation(Object(Question), Object(AppModel), 'hasMany', 'users_answers_q...', Array, Array, true, Array, 0, Array)
#6 C:\xampp\htdocs\mysite\lib\Cake\Model\Model.php(2905): DboSource->read(Object(Question), Array)
#7 C:\xampp\htdocs\mysite\lib\Cake\Model\Model.php(2877): Model->_readDataSource('all', Array)
#8 C:\xampp\htdocs\mysite\exam\Controller\QuestionController.php(39): Model->find('all', Array)
#9 [internal function]: QuestionController->ChapterQuestions('2')
#10 C:\xampp\htdocs\mysite\lib\Cake\Controller\Controller.php(490): ReflectionMethod->invokeArgs(Object(QuestionController), Array)
#11 C:\xampp\htdocs\mysite\lib\Cake\Routing\Dispatcher.php(191): Controller->invokeAction(Object(CakeRequest))
#12 C:\xampp\htdocs\mysite\lib\Cake\Routing\Dispatcher.php(165): Dispatcher->_invoke(Object(QuestionController), Object(CakeRequest))
#13 C:\xampp\htdocs\mysite\exam\webroot\index.php(118): Dispatcher->dispatch(Object(CakeRequest), Object(CakeResponse))
#14 {main}
2015-09-06 01:51:47 Error: Fatal Error (4): syntax error, unexpected ']' in [C:\xampp\htdocs\mysite\exam\View\Question\chapter_questions.ctp, line 9]
2015-09-06 01:51:47 Error: [FatalErrorException] syntax error, unexpected ']'
Request URL: /mysite/exam/question/ChapterQuestions/2
Stack Trace:
#0 C:\xampp\htdocs\mysite\lib\Cake\Error\ErrorHandler.php(203): ErrorHandler::handleFatalError(4, 'syntax error, u...', 'C:\\xampp\\htdocs...', 9)
#1 [internal function]: ErrorHandler::handleError(4, 'syntax error, u...', 'C:\\xampp\\htdocs...', 9, Array)
#2 C:\xampp\htdocs\mysite\lib\Cake\Core\App.php(929): call_user_func('ErrorHandler::h...', 4, 'syntax error, u...', 'C:\\xampp\\htdocs...', 9, Array)
#3 C:\xampp\htdocs\mysite\lib\Cake\Core\App.php(902): App::_checkFatalError()
#4 [internal function]: App::shutdown()
#5 {main}
2015-09-06 22:21:18 Error: [MissingActionException] Action QuestionController::getChapterQuestions() could not be found.
Exception Attributes: array (
  'controller' => 'QuestionController',
  'action' => 'getChapterQuestions',
)
Request URL: /mysite/exam/question/getChapterQuestions/2
Stack Trace:
#0 C:\xampp\htdocs\mysite\lib\Cake\Routing\Dispatcher.php(191): Controller->invokeAction(Object(CakeRequest))
#1 C:\xampp\htdocs\mysite\lib\Cake\Routing\Dispatcher.php(165): Dispatcher->_invoke(Object(QuestionController), Object(CakeRequest))
#2 C:\xampp\htdocs\mysite\exam\webroot\index.php(118): Dispatcher->dispatch(Object(CakeRequest), Object(CakeResponse))
#3 {main}
2015-09-06 22:35:52 Error: [MissingActionException] Action QuestionController::getChapterQuestions() could not be found.
Exception Attributes: array (
  'controller' => 'QuestionController',
  'action' => 'getChapterQuestions',
)
Request URL: /mysite/exam/question/getChapterQuestions/2
Stack Trace:
#0 C:\xampp\htdocs\mysite\lib\Cake\Routing\Dispatcher.php(191): Controller->invokeAction(Object(CakeRequest))
#1 C:\xampp\htdocs\mysite\lib\Cake\Routing\Dispatcher.php(165): Dispatcher->_invoke(Object(QuestionController), Object(CakeRequest))
#2 C:\xampp\htdocs\mysite\exam\webroot\index.php(118): Dispatcher->dispatch(Object(CakeRequest), Object(CakeResponse))
#3 {main}
